<?xml version="1.0" encoding="UTF-8"?>
<testng-results skipped="0" failed="0" total="2" passed="2">
  <reporter-output>
  </reporter-output>
  <suite name="DealerPath Application Automation Test Suite" duration-ms="103810" started-at="2018-08-31T10:51:37Z" finished-at="2018-08-31T10:53:21Z">
    <groups>
    </groups>
    <test name="Dealer Path Login" duration-ms="103810" started-at="2018-08-31T10:51:37Z" finished-at="2018-08-31T10:53:21Z">
      <class name="com.deere.Helpers.Invoke_WCM">
        <test-method status="PASS" signature="systemConfigSetup()[pri:0, instance:com.deere.Helpers.Invoke_WCM@5025a98f]" name="systemConfigSetup" is-config="true" duration-ms="3640" started-at="2018-08-31T16:21:37Z" finished-at="2018-08-31T16:21:41Z">
          <reporter-output>
          </reporter-output>
        </test-method> <!-- systemConfigSetup -->
        <test-method status="PASS" signature="invokeUserCredentials()[pri:0, instance:com.deere.Helpers.Invoke_WCM@5025a98f]" name="invokeUserCredentials" duration-ms="9140" started-at="2018-08-31T16:21:41Z" finished-at="2018-08-31T16:21:50Z">
          <reporter-output>
          </reporter-output>
        </test-method> <!-- invokeUserCredentials -->
        <test-method status="PASS" signature="moveToAlert()[pri:0, instance:com.deere.Helpers.Invoke_WCM@5025a98f]" name="moveToAlert" duration-ms="91014" started-at="2018-08-31T16:21:50Z" finished-at="2018-08-31T16:23:21Z">
          <reporter-output>
          </reporter-output>
        </test-method> <!-- moveToAlert -->
      </class> <!-- com.deere.Helpers.Invoke_WCM -->
    </test> <!-- Dealer Path Login -->
  </suite> <!-- DealerPath Application Automation Test Suite -->
</testng-results>
